<?xml version="1.0" encoding="UTF-8"?>
<!-- Generated by org.testng.reporters.JUnitXMLReporter -->
<testsuite ignored="0" hostname="LAPTOP-CVD4Q1TP" failures="2" tests="7" name="Test" time="37.581" errors="0" timestamp="2024-10-04T14:50:22 IST">
  <testcase classname="tealium.Tests.GuestUserOrderCreation" name="verifyWomenMenuSelection" time="4.911"/>
  <testcase classname="tealium.Tests.GuestUserOrderCreation" name="VerifyProductList" time="0.037"/>
  <testcase classname="tealium.Tests.GuestUserOrderCreation" name="verifyIsProductInformationDisplayed" time="0.303">
    <failure type="java.lang.AssertionError" message="expected [true] but found [false]">
      <![CDATA[java.lang.AssertionError: expected [true] but found [false]
at tealium.Tests.GuestUserOrderCreation.verifyIsProductInformationDisplayed(GuestUserOrderCreation.java:46)
at java.base/java.util.ArrayList.forEach(ArrayList.java:1511)
... Removed 31 stack frames]]>
    </failure>
  </testcase> <!-- verifyIsProductInformationDisplayed -->
  <testcase classname="tealium.Tests.GuestUserOrderCreation" name="verifyProductDetailsNavigation" time="4.889"/>
  <testcase classname="tealium.Tests.GuestUserOrderCreation" name="verifyAddToCart" time="2.84"/>
  <testcase classname="tealium.Tests.GuestUserOrderCreation" name="verifyCartProduct" time="0.063"/>
  <testcase classname="tealium.Tests.GuestUserOrderCreation" name="verifyOrderCreate" time="8.312">
    <failure type="org.openqa.selenium.ElementClickInterceptedException" message="element click intercepted: Element &amp;lt;button type=&amp;quot;submit&amp;quot; title=&amp;quot;Place Order&amp;quot; class=&amp;quot;button btn-checkout&amp;quot; onclick=&amp;quot;review.save();&amp;quot;&amp;gt;...&amp;lt;/button&amp;gt; is not clickable at point (289, 571). Other element would receive the click: &amp;lt;p style=&amp;quot;font-size: 12px; line-height: 16px; margin-bottom: 0px; text-align: left;&amp;quot;&amp;gt;...&amp;lt;/p&amp;gt;
  (Session info: chrome=129.0.6668.70)
Build info: version: &amp;apos;4.21.0&amp;apos;, revision: &amp;apos;79ed462ef4&amp;apos;
System info: os.name: &amp;apos;Windows 10&amp;apos;, os.arch: &amp;apos;amd64&amp;apos;, os.version: &amp;apos;10.0&amp;apos;, java.version: &amp;apos;17.0.1&amp;apos;
Driver info: org.openqa.selenium.chrome.ChromeDriver
Command: [2edc20e7bc88d65c69503604caf255d3, clickElement {id=f.060A9C28268931849783216B35EA5CCA.d.FC1AF1D6BAA14E55DA4A55D5A7D176BD.e.514}]
Capabilities {acceptInsecureCerts: false, browserName: chrome, browserVersion: 129.0.6668.70, chrome: {chromedriverVersion: 129.0.6668.89 (951c0b97221f..., userDataDir: C:\Users\silppa\AppData\Loc...}, fedcm:accounts: true, goog:chromeOptions: {debuggerAddress: localhost:53422}, networkConnectionEnabled: false, pageLoadStrategy: normal, platformName: windows, proxy: Proxy(), se:cdp: ws://localhost:53422/devtoo..., se:cdpVersion: 129.0.6668.70, setWindowRect: true, strictFileInteractability: false, timeouts: {implicit: 0, pageLoad: 300000, script: 30000}, unhandledPromptBehavior: dismiss and notify, webauthn:extension:credBlob: true, webauthn:extension:largeBlob: true, webauthn:extension:minPinLength: true, webauthn:extension:prf: true, webauthn:virtualAuthenticators: true}
Element: [[ChromeDriver: chrome on windows (2edc20e7bc88d65c69503604caf255d3)] -&amp;gt; xpath: //*[@onclick=&amp;quot;review.save();&amp;quot;]]
Session ID: 2edc20e7bc88d65c69503604caf255d3">
      <![CDATA[org.openqa.selenium.ElementClickInterceptedException: element click intercepted: Element <button type="submit" title="Place Order" class="button btn-checkout" onclick="review.save();">...</button> is not clickable at point (289, 571). Other element would receive the click: <p style="font-size: 12px; line-height: 16px; margin-bottom: 0px; text-align: left;">...</p>
  (Session info: chrome=129.0.6668.70)
Build info: version: '4.21.0', revision: '79ed462ef4'
System info: os.name: 'Windows 10', os.arch: 'amd64', os.version: '10.0', java.version: '17.0.1'
Driver info: org.openqa.selenium.chrome.ChromeDriver
Command: [2edc20e7bc88d65c69503604caf255d3, clickElement {id=f.060A9C28268931849783216B35EA5CCA.d.FC1AF1D6BAA14E55DA4A55D5A7D176BD.e.514}]
Capabilities {acceptInsecureCerts: false, browserName: chrome, browserVersion: 129.0.6668.70, chrome: {chromedriverVersion: 129.0.6668.89 (951c0b97221f..., userDataDir: C:\Users\silppa\AppData\Loc...}, fedcm:accounts: true, goog:chromeOptions: {debuggerAddress: localhost:53422}, networkConnectionEnabled: false, pageLoadStrategy: normal, platformName: windows, proxy: Proxy(), se:cdp: ws://localhost:53422/devtoo..., se:cdpVersion: 129.0.6668.70, setWindowRect: true, strictFileInteractability: false, timeouts: {implicit: 0, pageLoad: 300000, script: 30000}, unhandledPromptBehavior: dismiss and notify, webauthn:extension:credBlob: true, webauthn:extension:largeBlob: true, webauthn:extension:minPinLength: true, webauthn:extension:prf: true, webauthn:virtualAuthenticators: true}
Element: [[ChromeDriver: chrome on windows (2edc20e7bc88d65c69503604caf255d3)] -> xpath: //*[@onclick="review.save();"]]
Session ID: 2edc20e7bc88d65c69503604caf255d3
at org.openqa.selenium.remote.ErrorCodec.decode(ErrorCodec.java:167)
at org.openqa.selenium.remote.codec.w3c.W3CHttpResponseCodec.decode(W3CHttpResponseCodec.java:138)
at org.openqa.selenium.remote.codec.w3c.W3CHttpResponseCodec.decode(W3CHttpResponseCodec.java:50)
at org.openqa.selenium.remote.HttpCommandExecutor.execute(HttpCommandExecutor.java:190)
at org.openqa.selenium.remote.service.DriverCommandExecutor.invokeExecute(DriverCommandExecutor.java:216)
at org.openqa.selenium.remote.service.DriverCommandExecutor.execute(DriverCommandExecutor.java:174)
at org.openqa.selenium.remote.RemoteWebDriver.execute(RemoteWebDriver.java:518)
at org.openqa.selenium.remote.RemoteWebElement.execute(RemoteWebElement.java:223)
at org.openqa.selenium.remote.RemoteWebElement.click(RemoteWebElement.java:76)
at org.openqa.selenium.support.pagefactory.internal.LocatingElementHandler.invoke(LocatingElementHandler.java:51)
at jdk.proxy2/jdk.proxy2.$Proxy14.click(Unknown Source)
at tealium.PageObjects.CheckoutPage.sendGuestUserDetails(CheckoutPage.java:90)
at tealium.Tests.GuestUserOrderCreation.verifyOrderCreate(GuestUserOrderCreation.java:75)
at java.base/java.util.ArrayList.forEach(ArrayList.java:1511)
... Removed 36 stack frames]]>
    </failure>
  </testcase> <!-- verifyOrderCreate -->
</testsuite> <!-- Test -->
