<!DOCTYPE html PUBLIC "-//W3C//DTD XHTML 1.1//EN" "https://www.w3.org/TR/xhtml11/DTD/xhtml11.dtd">
<html xmlns="https://www.w3.org/1999/xhtml">
<head>
<meta http-equiv="content-type" content="text/html; charset=UTF-8"/>
<title>TestNG Report</title>
<style type="text/css">table {margin-bottom:10px;border-collapse:collapse;empty-cells:show}th,td {border:1px solid #009;padding:.25em .5em}th {vertical-align:bottom}td {vertical-align:top}table a {font-weight:bold}.stripe td {background-color: #E6EBF9}.num {text-align:right}.passedodd td {background-color: #3F3}.passedeven td {background-color: #0A0}.skippedodd td {background-color: #DDD}.skippedeven td {background-color: #CCC}.failedodd td,.attn {background-color: #F33}.failedeven td,.stripe .attn {background-color: #D00}.stacktrace {white-space:pre;font-family:monospace}.totop {font-size:85%;text-align:center;border-bottom:2px solid #000}.invisible {display:none}</style>
</head>
<body>
<table>
<tr><th>Test</th><th># Passed</th><th># Skipped</th><th># Retried</th><th># Failed</th><th>Time (ms)</th><th>Included Groups</th><th>Excluded Groups</th></tr>
<tr><th colspan="8">Suite</th></tr>
<tr><td><a href="#t0">Test</a></td><td class="num">5</td><td class="num">0</td><td class="num">0</td><td class="num attn">2</td><td class="num">37,581</td><td></td><td></td></tr>
</table>
<table id='summary'><thead><tr><th>Class</th><th>Method</th><th>Start</th><th>Time (ms)</th></tr></thead><tbody><tr><th colspan="4">Suite</th></tr></tbody><tbody id="t0"><tr><th colspan="4">Test &#8212; failed</th></tr><tr class="failedeven"><td rowspan="2">tealium.Tests.GuestUserOrderCreation</td><td><a href="#m0">verifyIsProductInformationDisplayed</a></td><td rowspan="1">1728033604950</td><td rowspan="1">303</td></tr><tr class="failedeven"><td><a href="#m1">verifyOrderCreate</a></td><td rowspan="1">1728033613071</td><td rowspan="1">8312</td></tr><tr><th colspan="4">Test &#8212; passed</th></tr><tr class="passedeven"><td rowspan="5">tealium.Tests.GuestUserOrderCreation</td><td><a href="#m2">VerifyProductList</a></td><td rowspan="1">1728033604908</td><td rowspan="1">37</td></tr><tr class="passedeven"><td><a href="#m3">verifyAddToCart</a></td><td rowspan="1">1728033610156</td><td rowspan="1">2840</td></tr><tr class="passedeven"><td><a href="#m4">verifyCartProduct</a></td><td rowspan="1">1728033613002</td><td rowspan="1">63</td></tr><tr class="passedeven"><td><a href="#m5">verifyProductDetailsNavigation</a></td><td rowspan="1">1728033605264</td><td rowspan="1">4889</td></tr><tr class="passedeven"><td><a href="#m6">verifyWomenMenuSelection</a></td><td rowspan="1">1728033599971</td><td rowspan="1">4911</td></tr></tbody>
</table>
<h2>Test</h2><h3 id="m0">tealium.Tests.GuestUserOrderCreation#verifyIsProductInformationDisplayed</h3><table class="result"><tr><th>Exception</th></tr><tr><td><div class="stacktrace">java.lang.AssertionError: expected [true] but found [false]
	at tealium.Tests.GuestUserOrderCreation.verifyIsProductInformationDisplayed(GuestUserOrderCreation.java:46)
	at java.base/java.util.ArrayList.forEach(ArrayList.java:1511)
... Removed 31 stack frames</div></td></tr></table><p class="totop"><a href="#summary">back to summary</a></p>
<h3 id="m1">tealium.Tests.GuestUserOrderCreation#verifyOrderCreate</h3><table class="result"><tr><th>Exception</th></tr><tr><td><div class="stacktrace">org.openqa.selenium.ElementClickInterceptedException: element click intercepted: Element &lt;button type=&quot;submit&quot; title=&quot;Place Order&quot; class=&quot;button btn-checkout&quot; onclick=&quot;review.save();&quot;&gt;...&lt;/button&gt; is not clickable at point (289, 571). Other element would receive the click: &lt;p style=&quot;font-size: 12px; line-height: 16px; margin-bottom: 0px; text-align: left;&quot;&gt;...&lt;/p&gt;
  (Session info: chrome=129.0.6668.70)
Build info: version: &apos;4.21.0&apos;, revision: &apos;79ed462ef4&apos;
System info: os.name: &apos;Windows 10&apos;, os.arch: &apos;amd64&apos;, os.version: &apos;10.0&apos;, java.version: &apos;17.0.1&apos;
Driver info: org.openqa.selenium.chrome.ChromeDriver
Command: [2edc20e7bc88d65c69503604caf255d3, clickElement {id=f.060A9C28268931849783216B35EA5CCA.d.FC1AF1D6BAA14E55DA4A55D5A7D176BD.e.514}]
Capabilities {acceptInsecureCerts: false, browserName: chrome, browserVersion: 129.0.6668.70, chrome: {chromedriverVersion: 129.0.6668.89 (951c0b97221f..., userDataDir: C:\Users\silppa\AppData\Loc...}, fedcm:accounts: true, goog:chromeOptions: {debuggerAddress: localhost:53422}, networkConnectionEnabled: false, pageLoadStrategy: normal, platformName: windows, proxy: Proxy(), se:cdp: ws://localhost:53422/devtoo..., se:cdpVersion: 129.0.6668.70, setWindowRect: true, strictFileInteractability: false, timeouts: {implicit: 0, pageLoad: 300000, script: 30000}, unhandledPromptBehavior: dismiss and notify, webauthn:extension:credBlob: true, webauthn:extension:largeBlob: true, webauthn:extension:minPinLength: true, webauthn:extension:prf: true, webauthn:virtualAuthenticators: true}
Element: [[ChromeDriver: chrome on windows (2edc20e7bc88d65c69503604caf255d3)] -&gt; xpath: //*[@onclick=&quot;review.save();&quot;]]
Session ID: 2edc20e7bc88d65c69503604caf255d3
	at org.openqa.selenium.remote.ErrorCodec.decode(ErrorCodec.java:167)
	at org.openqa.selenium.remote.codec.w3c.W3CHttpResponseCodec.decode(W3CHttpResponseCodec.java:138)
	at org.openqa.selenium.remote.codec.w3c.W3CHttpResponseCodec.decode(W3CHttpResponseCodec.java:50)
	at org.openqa.selenium.remote.HttpCommandExecutor.execute(HttpCommandExecutor.java:190)
	at org.openqa.selenium.remote.service.DriverCommandExecutor.invokeExecute(DriverCommandExecutor.java:216)
	at org.openqa.selenium.remote.service.DriverCommandExecutor.execute(DriverCommandExecutor.java:174)
	at org.openqa.selenium.remote.RemoteWebDriver.execute(RemoteWebDriver.java:518)
	at org.openqa.selenium.remote.RemoteWebElement.execute(RemoteWebElement.java:223)
	at org.openqa.selenium.remote.RemoteWebElement.click(RemoteWebElement.java:76)
	at org.openqa.selenium.support.pagefactory.internal.LocatingElementHandler.invoke(LocatingElementHandler.java:51)
	at jdk.proxy2/jdk.proxy2.$Proxy14.click(Unknown Source)
	at tealium.PageObjects.CheckoutPage.sendGuestUserDetails(CheckoutPage.java:90)
	at tealium.Tests.GuestUserOrderCreation.verifyOrderCreate(GuestUserOrderCreation.java:75)
	at java.base/java.util.ArrayList.forEach(ArrayList.java:1511)
... Removed 36 stack frames</div></td></tr></table><p class="totop"><a href="#summary">back to summary</a></p>
<h3 id="m2">tealium.Tests.GuestUserOrderCreation#VerifyProductList</h3><table class="result"><tr><th class="invisible"/></tr></table><p class="totop"><a href="#summary">back to summary</a></p>
<h3 id="m3">tealium.Tests.GuestUserOrderCreation#verifyAddToCart</h3><table class="result"><tr><th class="invisible"/></tr></table><p class="totop"><a href="#summary">back to summary</a></p>
<h3 id="m4">tealium.Tests.GuestUserOrderCreation#verifyCartProduct</h3><table class="result"><tr><th class="invisible"/></tr></table><p class="totop"><a href="#summary">back to summary</a></p>
<h3 id="m5">tealium.Tests.GuestUserOrderCreation#verifyProductDetailsNavigation</h3><table class="result"><tr><th class="invisible"/></tr></table><p class="totop"><a href="#summary">back to summary</a></p>
<h3 id="m6">tealium.Tests.GuestUserOrderCreation#verifyWomenMenuSelection</h3><table class="result"><tr><th class="invisible"/></tr></table><p class="totop"><a href="#summary">back to summary</a></p>
</body>
</html>
